2026-05-09 21:39:41,206 - kedro.framework.project - INFO - Using 'conf\logging.yml' as logging configuration. You can change this by setting the KEDRO_LOGGING_CONFIG environment variable accordingly.
2026-05-09 21:39:43,313 - kedro.framework.session.session - INFO - Kedro project currency_movement_prediction_pipeline
2026-05-09 21:39:43,462 - kedro_telemetry.plugin - INFO - Kedro is sending anonymous usage data with the sole purpose of improving the product. No personal data or IP addresses are stored on our side. To opt out, set the `KEDRO_DISABLE_TELEMETRY` or `DO_NOT_TRACK` environment variables, or create a `.telemetry` file in the current working directory with the contents `consent: false`. To hide this message, explicitly grant or deny consent. Read more at https://docs.kedro.org/en/stable/about/telemetry/
2026-05-10 12:44:40,418 - kedro.framework.project - INFO - Using 'conf\logging.yml' as logging configuration. You can change this by setting the KEDRO_LOGGING_CONFIG environment variable accordingly.
2026-05-10 12:44:42,722 - kedro.framework.session.session - INFO - Kedro project currency_movement_prediction_pipeline
2026-05-10 12:44:42,930 - kedro_telemetry.plugin - INFO - Kedro is sending anonymous usage data with the sole purpose of improving the product. No personal data or IP addresses are stored on our side. To opt out, set the `KEDRO_DISABLE_TELEMETRY` or `DO_NOT_TRACK` environment variables, or create a `.telemetry` file in the current working directory with the contents `consent: false`. To hide this message, explicitly grant or deny consent. Read more at https://docs.kedro.org/en/stable/about/telemetry/
2026-05-10 12:47:17,957 - kedro.framework.project - INFO - Using 'conf\logging.yml' as logging configuration. You can change this by setting the KEDRO_LOGGING_CONFIG environment variable accordingly.
2026-05-10 12:47:19,024 - kedro_telemetry.plugin - INFO - Kedro is sending anonymous usage data with the sole purpose of improving the product. No personal data or IP addresses are stored on our side. To opt out, set the `KEDRO_DISABLE_TELEMETRY` or `DO_NOT_TRACK` environment variables, or create a `.telemetry` file in the current working directory with the contents `consent: false`. To hide this message, explicitly grant or deny consent. Read more at https://docs.kedro.org/en/stable/about/telemetry/
2026-05-10 12:49:54,685 - kedro.framework.project - INFO - Using 'conf\logging.yml' as logging configuration. You can change this by setting the KEDRO_LOGGING_CONFIG environment variable accordingly.
2026-05-10 12:49:55,747 - kedro_telemetry.plugin - INFO - Kedro is sending anonymous usage data with the sole purpose of improving the product. No personal data or IP addresses are stored on our side. To opt out, set the `KEDRO_DISABLE_TELEMETRY` or `DO_NOT_TRACK` environment variables, or create a `.telemetry` file in the current working directory with the contents `consent: false`. To hide this message, explicitly grant or deny consent. Read more at https://docs.kedro.org/en/stable/about/telemetry/
2026-05-10 12:50:59,721 - kedro.framework.project - INFO - Using 'conf\logging.yml' as logging configuration. You can change this by setting the KEDRO_LOGGING_CONFIG environment variable accordingly.
2026-05-10 12:51:00,770 - kedro_telemetry.plugin - INFO - Kedro is sending anonymous usage data with the sole purpose of improving the product. No personal data or IP addresses are stored on our side. To opt out, set the `KEDRO_DISABLE_TELEMETRY` or `DO_NOT_TRACK` environment variables, or create a `.telemetry` file in the current working directory with the contents `consent: false`. To hide this message, explicitly grant or deny consent. Read more at https://docs.kedro.org/en/stable/about/telemetry/
2026-05-10 12:53:27,341 - kedro.framework.project - INFO - Using 'conf\logging.yml' as logging configuration. You can change this by setting the KEDRO_LOGGING_CONFIG environment variable accordingly.
2026-05-10 12:53:35,623 - kedro.framework.project - INFO - Using 'conf\logging.yml' as logging configuration. You can change this by setting the KEDRO_LOGGING_CONFIG environment variable accordingly.
2026-05-10 12:53:36,518 - py.warnings - WARNING - C:\kedro_projects\currency-movement-prediction-pipeline\.venv\Lib\site-packages\kedro_viz\api\apps.py:19: FastAPIDeprecationWarning: ORJSONResponse is deprecated, FastAPI now serializes data directly to JSON bytes via Pydantic when a return type or response model is set, which is faster and doesn't need a custom response class. Read more in the FastAPI docs: https://fastapi.tiangolo.com/advanced/custom-response/#orjson-or-response-model and https://fastapi.tiangolo.com/tutorial/response-model/
  from kedro_viz.api.rest.responses.utils import EnhancedORJSONResponse

2026-05-10 13:03:36,256 - kedro_telemetry.plugin - INFO - Kedro is sending anonymous usage data with the sole purpose of improving the product. No personal data or IP addresses are stored on our side. To opt out, set the `KEDRO_DISABLE_TELEMETRY` or `DO_NOT_TRACK` environment variables, or create a `.telemetry` file in the current working directory with the contents `consent: false`. To hide this message, explicitly grant or deny consent. Read more at https://docs.kedro.org/en/stable/about/telemetry/
2026-05-10 13:55:53,757 - kedro.framework.project - INFO - Using 'conf\logging.yml' as logging configuration. You can change this by setting the KEDRO_LOGGING_CONFIG environment variable accordingly.
2026-05-10 13:55:55,008 - kedro.framework.session.session - INFO - Kedro project currency_movement_prediction_pipeline
2026-05-10 13:55:55,095 - kedro_telemetry.plugin - INFO - Kedro is sending anonymous usage data with the sole purpose of improving the product. No personal data or IP addresses are stored on our side. To opt out, set the `KEDRO_DISABLE_TELEMETRY` or `DO_NOT_TRACK` environment variables, or create a `.telemetry` file in the current working directory with the contents `consent: false`. To hide this message, explicitly grant or deny consent. Read more at https://docs.kedro.org/en/stable/about/telemetry/
2026-05-10 14:15:00,196 - kedro.framework.project - INFO - Using 'conf\logging.yml' as logging configuration. You can change this by setting the KEDRO_LOGGING_CONFIG environment variable accordingly.
2026-05-10 14:15:01,373 - kedro.framework.session.session - INFO - Kedro project currency_movement_prediction_pipeline
2026-05-10 14:15:01,473 - kedro_telemetry.plugin - INFO - Kedro is sending anonymous usage data with the sole purpose of improving the product. No personal data or IP addresses are stored on our side. To opt out, set the `KEDRO_DISABLE_TELEMETRY` or `DO_NOT_TRACK` environment variables, or create a `.telemetry` file in the current working directory with the contents `consent: false`. To hide this message, explicitly grant or deny consent. Read more at https://docs.kedro.org/en/stable/about/telemetry/
2026-05-10 14:22:58,111 - kedro.framework.project - INFO - Using 'conf\logging.yml' as logging configuration. You can change this by setting the KEDRO_LOGGING_CONFIG environment variable accordingly.
2026-05-10 14:22:59,351 - kedro.framework.session.session - INFO - Kedro project currency_movement_prediction_pipeline
2026-05-10 14:22:59,461 - kedro_telemetry.plugin - INFO - Kedro is sending anonymous usage data with the sole purpose of improving the product. No personal data or IP addresses are stored on our side. To opt out, set the `KEDRO_DISABLE_TELEMETRY` or `DO_NOT_TRACK` environment variables, or create a `.telemetry` file in the current working directory with the contents `consent: false`. To hide this message, explicitly grant or deny consent. Read more at https://docs.kedro.org/en/stable/about/telemetry/
2026-05-10 14:34:01,570 - kedro.framework.project - INFO - Using 'conf\logging.yml' as logging configuration. You can change this by setting the KEDRO_LOGGING_CONFIG environment variable accordingly.
2026-05-10 14:34:03,136 - kedro.framework.session.session - INFO - Kedro project currency_movement_prediction_pipeline
2026-05-10 14:34:03,248 - kedro_telemetry.plugin - INFO - Kedro is sending anonymous usage data with the sole purpose of improving the product. No personal data or IP addresses are stored on our side. To opt out, set the `KEDRO_DISABLE_TELEMETRY` or `DO_NOT_TRACK` environment variables, or create a `.telemetry` file in the current working directory with the contents `consent: false`. To hide this message, explicitly grant or deny consent. Read more at https://docs.kedro.org/en/stable/about/telemetry/
2026-05-10 14:38:25,084 - kedro.framework.project - INFO - Using 'conf\logging.yml' as logging configuration. You can change this by setting the KEDRO_LOGGING_CONFIG environment variable accordingly.
2026-05-10 14:38:26,744 - kedro.framework.session.session - INFO - Kedro project currency_movement_prediction_pipeline
2026-05-10 14:38:31,699 - kedro_telemetry.plugin - INFO - Kedro is sending anonymous usage data with the sole purpose of improving the product. No personal data or IP addresses are stored on our side. To opt out, set the `KEDRO_DISABLE_TELEMETRY` or `DO_NOT_TRACK` environment variables, or create a `.telemetry` file in the current working directory with the contents `consent: false`. To hide this message, explicitly grant or deny consent. Read more at https://docs.kedro.org/en/stable/about/telemetry/
2026-05-10 14:41:22,581 - kedro.framework.project - INFO - Using 'conf\logging.yml' as logging configuration. You can change this by setting the KEDRO_LOGGING_CONFIG environment variable accordingly.
2026-05-10 14:41:23,972 - kedro.framework.session.session - INFO - Kedro project currency_movement_prediction_pipeline
2026-05-10 14:41:24,972 - kedro_telemetry.plugin - INFO - Kedro is sending anonymous usage data with the sole purpose of improving the product. No personal data or IP addresses are stored on our side. To opt out, set the `KEDRO_DISABLE_TELEMETRY` or `DO_NOT_TRACK` environment variables, or create a `.telemetry` file in the current working directory with the contents `consent: false`. To hide this message, explicitly grant or deny consent. Read more at https://docs.kedro.org/en/stable/about/telemetry/
2026-05-10 14:43:47,482 - kedro.framework.project - INFO - Using 'conf\logging.yml' as logging configuration. You can change this by setting the KEDRO_LOGGING_CONFIG environment variable accordingly.
2026-05-10 14:43:48,711 - kedro.framework.session.session - INFO - Kedro project currency_movement_prediction_pipeline
2026-05-10 14:43:49,562 - kedro_telemetry.plugin - INFO - Kedro is sending anonymous usage data with the sole purpose of improving the product. No personal data or IP addresses are stored on our side. To opt out, set the `KEDRO_DISABLE_TELEMETRY` or `DO_NOT_TRACK` environment variables, or create a `.telemetry` file in the current working directory with the contents `consent: false`. To hide this message, explicitly grant or deny consent. Read more at https://docs.kedro.org/en/stable/about/telemetry/
2026-05-10 14:49:13,063 - kedro.framework.project - INFO - Using 'conf\logging.yml' as logging configuration. You can change this by setting the KEDRO_LOGGING_CONFIG environment variable accordingly.
2026-05-10 14:49:14,831 - kedro.framework.session.session - INFO - Kedro project currency_movement_prediction_pipeline
2026-05-10 14:49:14,968 - kedro_telemetry.plugin - INFO - Kedro is sending anonymous usage data with the sole purpose of improving the product. No personal data or IP addresses are stored on our side. To opt out, set the `KEDRO_DISABLE_TELEMETRY` or `DO_NOT_TRACK` environment variables, or create a `.telemetry` file in the current working directory with the contents `consent: false`. To hide this message, explicitly grant or deny consent. Read more at https://docs.kedro.org/en/stable/about/telemetry/
2026-05-10 14:53:16,964 - kedro.framework.project - INFO - Using 'conf\logging.yml' as logging configuration. You can change this by setting the KEDRO_LOGGING_CONFIG environment variable accordingly.
2026-05-10 14:53:18,274 - kedro.framework.session.session - INFO - Kedro project currency_movement_prediction_pipeline
2026-05-10 14:53:19,543 - kedro_telemetry.plugin - INFO - Kedro is sending anonymous usage data with the sole purpose of improving the product. No personal data or IP addresses are stored on our side. To opt out, set the `KEDRO_DISABLE_TELEMETRY` or `DO_NOT_TRACK` environment variables, or create a `.telemetry` file in the current working directory with the contents `consent: false`. To hide this message, explicitly grant or deny consent. Read more at https://docs.kedro.org/en/stable/about/telemetry/
2026-05-10 14:54:52,284 - kedro.framework.project - INFO - Using 'conf\logging.yml' as logging configuration. You can change this by setting the KEDRO_LOGGING_CONFIG environment variable accordingly.
2026-05-10 14:54:53,454 - kedro.framework.session.session - INFO - Kedro project currency_movement_prediction_pipeline
2026-05-10 14:54:54,224 - kedro_telemetry.plugin - INFO - Kedro is sending anonymous usage data with the sole purpose of improving the product. No personal data or IP addresses are stored on our side. To opt out, set the `KEDRO_DISABLE_TELEMETRY` or `DO_NOT_TRACK` environment variables, or create a `.telemetry` file in the current working directory with the contents `consent: false`. To hide this message, explicitly grant or deny consent. Read more at https://docs.kedro.org/en/stable/about/telemetry/
2026-05-10 15:06:34,526 - kedro.framework.project - INFO - Using 'conf\logging.yml' as logging configuration. You can change this by setting the KEDRO_LOGGING_CONFIG environment variable accordingly.
2026-05-10 15:06:35,876 - kedro.framework.session.session - INFO - Kedro project currency_movement_prediction_pipeline
2026-05-10 15:06:37,309 - kedro_telemetry.plugin - INFO - Kedro is sending anonymous usage data with the sole purpose of improving the product. No personal data or IP addresses are stored on our side. To opt out, set the `KEDRO_DISABLE_TELEMETRY` or `DO_NOT_TRACK` environment variables, or create a `.telemetry` file in the current working directory with the contents `consent: false`. To hide this message, explicitly grant or deny consent. Read more at https://docs.kedro.org/en/stable/about/telemetry/
2026-05-10 15:08:25,624 - kedro.framework.project - INFO - Using 'conf\logging.yml' as logging configuration. You can change this by setting the KEDRO_LOGGING_CONFIG environment variable accordingly.
2026-05-10 15:08:26,718 - kedro_telemetry.plugin - INFO - Kedro is sending anonymous usage data with the sole purpose of improving the product. No personal data or IP addresses are stored on our side. To opt out, set the `KEDRO_DISABLE_TELEMETRY` or `DO_NOT_TRACK` environment variables, or create a `.telemetry` file in the current working directory with the contents `consent: false`. To hide this message, explicitly grant or deny consent. Read more at https://docs.kedro.org/en/stable/about/telemetry/
2026-05-10 15:11:37,468 - kedro.framework.project - INFO - Using 'conf\logging.yml' as logging configuration. You can change this by setting the KEDRO_LOGGING_CONFIG environment variable accordingly.
2026-05-10 15:11:38,549 - kedro_telemetry.plugin - INFO - Kedro is sending anonymous usage data with the sole purpose of improving the product. No personal data or IP addresses are stored on our side. To opt out, set the `KEDRO_DISABLE_TELEMETRY` or `DO_NOT_TRACK` environment variables, or create a `.telemetry` file in the current working directory with the contents `consent: false`. To hide this message, explicitly grant or deny consent. Read more at https://docs.kedro.org/en/stable/about/telemetry/
2026-05-10 15:12:00,137 - kedro.framework.project - INFO - Using 'conf\logging.yml' as logging configuration. You can change this by setting the KEDRO_LOGGING_CONFIG environment variable accordingly.
2026-05-10 15:12:01,288 - kedro.framework.session.session - INFO - Kedro project currency_movement_prediction_pipeline
2026-05-10 15:12:02,159 - kedro_telemetry.plugin - INFO - Kedro is sending anonymous usage data with the sole purpose of improving the product. No personal data or IP addresses are stored on our side. To opt out, set the `KEDRO_DISABLE_TELEMETRY` or `DO_NOT_TRACK` environment variables, or create a `.telemetry` file in the current working directory with the contents `consent: false`. To hide this message, explicitly grant or deny consent. Read more at https://docs.kedro.org/en/stable/about/telemetry/
2026-05-10 15:14:20,743 - kedro.framework.project - INFO - Using 'conf\logging.yml' as logging configuration. You can change this by setting the KEDRO_LOGGING_CONFIG environment variable accordingly.
2026-05-10 15:14:29,514 - kedro.framework.project - INFO - Using 'conf\logging.yml' as logging configuration. You can change this by setting the KEDRO_LOGGING_CONFIG environment variable accordingly.
2026-05-10 15:14:30,368 - py.warnings - WARNING - C:\kedro_projects\currency-movement-prediction-pipeline\.venv\Lib\site-packages\kedro_viz\api\apps.py:19: FastAPIDeprecationWarning: ORJSONResponse is deprecated, FastAPI now serializes data directly to JSON bytes via Pydantic when a return type or response model is set, which is faster and doesn't need a custom response class. Read more in the FastAPI docs: https://fastapi.tiangolo.com/advanced/custom-response/#orjson-or-response-model and https://fastapi.tiangolo.com/tutorial/response-model/
  from kedro_viz.api.rest.responses.utils import EnhancedORJSONResponse

2026-05-10 15:19:57,274 - kedro.framework.project - INFO - Using 'conf\logging.yml' as logging configuration. You can change this by setting the KEDRO_LOGGING_CONFIG environment variable accordingly.
2026-05-10 15:19:58,758 - kedro.framework.session.session - INFO - Kedro project currency_movement_prediction_pipeline
2026-05-10 15:19:59,738 - kedro_telemetry.plugin - INFO - Kedro is sending anonymous usage data with the sole purpose of improving the product. No personal data or IP addresses are stored on our side. To opt out, set the `KEDRO_DISABLE_TELEMETRY` or `DO_NOT_TRACK` environment variables, or create a `.telemetry` file in the current working directory with the contents `consent: false`. To hide this message, explicitly grant or deny consent. Read more at https://docs.kedro.org/en/stable/about/telemetry/
2026-05-10 15:21:40,724 - kedro.framework.project - INFO - Using 'conf\logging.yml' as logging configuration. You can change this by setting the KEDRO_LOGGING_CONFIG environment variable accordingly.
2026-05-10 15:21:41,880 - kedro.framework.session.session - INFO - Kedro project currency_movement_prediction_pipeline
2026-05-10 15:21:42,684 - kedro_telemetry.plugin - INFO - Kedro is sending anonymous usage data with the sole purpose of improving the product. No personal data or IP addresses are stored on our side. To opt out, set the `KEDRO_DISABLE_TELEMETRY` or `DO_NOT_TRACK` environment variables, or create a `.telemetry` file in the current working directory with the contents `consent: false`. To hide this message, explicitly grant or deny consent. Read more at https://docs.kedro.org/en/stable/about/telemetry/
2026-05-10 15:24:28,676 - kedro_telemetry.plugin - INFO - Kedro is sending anonymous usage data with the sole purpose of improving the product. No personal data or IP addresses are stored on our side. To opt out, set the `KEDRO_DISABLE_TELEMETRY` or `DO_NOT_TRACK` environment variables, or create a `.telemetry` file in the current working directory with the contents `consent: false`. To hide this message, explicitly grant or deny consent. Read more at https://docs.kedro.org/en/stable/about/telemetry/
2026-05-10 15:24:42,155 - kedro.framework.project - INFO - Using 'conf\logging.yml' as logging configuration. You can change this by setting the KEDRO_LOGGING_CONFIG environment variable accordingly.
2026-05-10 15:24:43,304 - kedro.framework.session.session - INFO - Kedro project currency_movement_prediction_pipeline
2026-05-10 15:24:44,124 - kedro_telemetry.plugin - INFO - Kedro is sending anonymous usage data with the sole purpose of improving the product. No personal data or IP addresses are stored on our side. To opt out, set the `KEDRO_DISABLE_TELEMETRY` or `DO_NOT_TRACK` environment variables, or create a `.telemetry` file in the current working directory with the contents `consent: false`. To hide this message, explicitly grant or deny consent. Read more at https://docs.kedro.org/en/stable/about/telemetry/
2026-05-10 15:26:54,316 - kedro.framework.project - INFO - Using 'conf\logging.yml' as logging configuration. You can change this by setting the KEDRO_LOGGING_CONFIG environment variable accordingly.
2026-05-10 15:26:55,527 - kedro.framework.session.session - INFO - Kedro project currency_movement_prediction_pipeline
2026-05-10 15:26:56,414 - kedro_telemetry.plugin - INFO - Kedro is sending anonymous usage data with the sole purpose of improving the product. No personal data or IP addresses are stored on our side. To opt out, set the `KEDRO_DISABLE_TELEMETRY` or `DO_NOT_TRACK` environment variables, or create a `.telemetry` file in the current working directory with the contents `consent: false`. To hide this message, explicitly grant or deny consent. Read more at https://docs.kedro.org/en/stable/about/telemetry/
2026-05-10 15:33:13,964 - kedro.framework.project - INFO - Using 'conf\logging.yml' as logging configuration. You can change this by setting the KEDRO_LOGGING_CONFIG environment variable accordingly.
2026-05-10 15:33:15,214 - kedro.framework.session.session - INFO - Kedro project currency_movement_prediction_pipeline
2026-05-10 15:33:16,423 - kedro_telemetry.plugin - INFO - Kedro is sending anonymous usage data with the sole purpose of improving the product. No personal data or IP addresses are stored on our side. To opt out, set the `KEDRO_DISABLE_TELEMETRY` or `DO_NOT_TRACK` environment variables, or create a `.telemetry` file in the current working directory with the contents `consent: false`. To hide this message, explicitly grant or deny consent. Read more at https://docs.kedro.org/en/stable/about/telemetry/
2026-05-10 15:39:59,943 - kedro.framework.project - INFO - Using 'conf\logging.yml' as logging configuration. You can change this by setting the KEDRO_LOGGING_CONFIG environment variable accordingly.
2026-05-10 15:40:01,345 - kedro.framework.session.session - INFO - Kedro project currency_movement_prediction_pipeline
2026-05-10 15:40:11,910 - kedro_telemetry.plugin - INFO - Kedro is sending anonymous usage data with the sole purpose of improving the product. No personal data or IP addresses are stored on our side. To opt out, set the `KEDRO_DISABLE_TELEMETRY` or `DO_NOT_TRACK` environment variables, or create a `.telemetry` file in the current working directory with the contents `consent: false`. To hide this message, explicitly grant or deny consent. Read more at https://docs.kedro.org/en/stable/about/telemetry/
2026-05-10 15:42:34,883 - kedro.framework.project - INFO - Using 'conf\logging.yml' as logging configuration. You can change this by setting the KEDRO_LOGGING_CONFIG environment variable accordingly.
2026-05-10 15:42:36,157 - kedro.framework.session.session - INFO - Kedro project currency_movement_prediction_pipeline
2026-05-10 15:42:45,643 - kedro_telemetry.plugin - INFO - Kedro is sending anonymous usage data with the sole purpose of improving the product. No personal data or IP addresses are stored on our side. To opt out, set the `KEDRO_DISABLE_TELEMETRY` or `DO_NOT_TRACK` environment variables, or create a `.telemetry` file in the current working directory with the contents `consent: false`. To hide this message, explicitly grant or deny consent. Read more at https://docs.kedro.org/en/stable/about/telemetry/
2026-05-10 15:51:26,908 - kedro.framework.project - INFO - Using 'conf\logging.yml' as logging configuration. You can change this by setting the KEDRO_LOGGING_CONFIG environment variable accordingly.
2026-05-10 15:51:28,773 - kedro.framework.session.session - INFO - Kedro project currency_movement_prediction_pipeline
2026-05-10 15:51:40,354 - kedro_telemetry.plugin - INFO - Kedro is sending anonymous usage data with the sole purpose of improving the product. No personal data or IP addresses are stored on our side. To opt out, set the `KEDRO_DISABLE_TELEMETRY` or `DO_NOT_TRACK` environment variables, or create a `.telemetry` file in the current working directory with the contents `consent: false`. To hide this message, explicitly grant or deny consent. Read more at https://docs.kedro.org/en/stable/about/telemetry/
2026-05-10 15:55:43,207 - kedro.framework.project - INFO - Using 'conf\logging.yml' as logging configuration. You can change this by setting the KEDRO_LOGGING_CONFIG environment variable accordingly.
2026-05-10 15:55:44,463 - kedro.framework.session.session - INFO - Kedro project currency_movement_prediction_pipeline
2026-05-10 15:55:47,864 - kedro_telemetry.plugin - INFO - Kedro is sending anonymous usage data with the sole purpose of improving the product. No personal data or IP addresses are stored on our side. To opt out, set the `KEDRO_DISABLE_TELEMETRY` or `DO_NOT_TRACK` environment variables, or create a `.telemetry` file in the current working directory with the contents `consent: false`. To hide this message, explicitly grant or deny consent. Read more at https://docs.kedro.org/en/stable/about/telemetry/
2026-05-10 16:08:04,422 - kedro.framework.project - INFO - Using 'conf\logging.yml' as logging configuration. You can change this by setting the KEDRO_LOGGING_CONFIG environment variable accordingly.
2026-05-10 16:08:06,150 - kedro.framework.session.session - INFO - Kedro project currency_movement_prediction_pipeline
2026-05-10 16:08:10,989 - kedro_telemetry.plugin - INFO - Kedro is sending anonymous usage data with the sole purpose of improving the product. No personal data or IP addresses are stored on our side. To opt out, set the `KEDRO_DISABLE_TELEMETRY` or `DO_NOT_TRACK` environment variables, or create a `.telemetry` file in the current working directory with the contents `consent: false`. To hide this message, explicitly grant or deny consent. Read more at https://docs.kedro.org/en/stable/about/telemetry/
2026-05-10 16:13:53,222 - kedro.framework.project - INFO - Using 'conf\logging.yml' as logging configuration. You can change this by setting the KEDRO_LOGGING_CONFIG environment variable accordingly.
2026-05-10 16:13:54,552 - kedro.framework.session.session - INFO - Kedro project currency_movement_prediction_pipeline
2026-05-10 16:13:59,187 - kedro_telemetry.plugin - INFO - Kedro is sending anonymous usage data with the sole purpose of improving the product. No personal data or IP addresses are stored on our side. To opt out, set the `KEDRO_DISABLE_TELEMETRY` or `DO_NOT_TRACK` environment variables, or create a `.telemetry` file in the current working directory with the contents `consent: false`. To hide this message, explicitly grant or deny consent. Read more at https://docs.kedro.org/en/stable/about/telemetry/
2026-05-10 16:16:25,452 - kedro.framework.project - INFO - Using 'conf\logging.yml' as logging configuration. You can change this by setting the KEDRO_LOGGING_CONFIG environment variable accordingly.
2026-05-10 16:16:27,232 - kedro.framework.session.session - INFO - Kedro project currency_movement_prediction_pipeline
2026-05-10 16:16:31,762 - kedro_telemetry.plugin - INFO - Kedro is sending anonymous usage data with the sole purpose of improving the product. No personal data or IP addresses are stored on our side. To opt out, set the `KEDRO_DISABLE_TELEMETRY` or `DO_NOT_TRACK` environment variables, or create a `.telemetry` file in the current working directory with the contents `consent: false`. To hide this message, explicitly grant or deny consent. Read more at https://docs.kedro.org/en/stable/about/telemetry/
2026-05-10 16:17:19,412 - kedro.framework.project - INFO - Using 'conf\logging.yml' as logging configuration. You can change this by setting the KEDRO_LOGGING_CONFIG environment variable accordingly.
2026-05-10 16:17:20,742 - kedro.framework.session.session - INFO - Kedro project currency_movement_prediction_pipeline
2026-05-10 16:17:24,792 - kedro.validation.parameter_validator - INFO - No typed parameter requirements found, returning original parameters
2026-05-10 16:17:25,002 - kedro_telemetry.plugin - INFO - Kedro is sending anonymous usage data with the sole purpose of improving the product. No personal data or IP addresses are stored on our side. To opt out, set the `KEDRO_DISABLE_TELEMETRY` or `DO_NOT_TRACK` environment variables, or create a `.telemetry` file in the current working directory with the contents `consent: false`. To hide this message, explicitly grant or deny consent. Read more at https://docs.kedro.org/en/stable/about/telemetry/
2026-05-10 16:19:53,982 - kedro.framework.project - INFO - Using 'conf\logging.yml' as logging configuration. You can change this by setting the KEDRO_LOGGING_CONFIG environment variable accordingly.
2026-05-10 16:19:55,632 - kedro.framework.session.session - INFO - Kedro project currency_movement_prediction_pipeline
2026-05-10 16:20:00,702 - kedro.validation.parameter_validator - INFO - No typed parameter requirements found, returning original parameters
2026-05-10 16:20:00,899 - py.warnings - WARNING - C:\kedro_projects\currency-movement-prediction-pipeline\.venv\Lib\site-packages\kedro\io\core.py:543: UserWarning: Since kedro-datasets 2.0, 'Dataset' is spelled with a lowercase 's'. Got 'pandas.CSVDataSet'.
  warnings.warn(

2026-05-10 16:20:00,907 - kedro_telemetry.plugin - INFO - Kedro is sending anonymous usage data with the sole purpose of improving the product. No personal data or IP addresses are stored on our side. To opt out, set the `KEDRO_DISABLE_TELEMETRY` or `DO_NOT_TRACK` environment variables, or create a `.telemetry` file in the current working directory with the contents `consent: false`. To hide this message, explicitly grant or deny consent. Read more at https://docs.kedro.org/en/stable/about/telemetry/
2026-05-10 16:20:49,122 - kedro.framework.project - INFO - Using 'conf\logging.yml' as logging configuration. You can change this by setting the KEDRO_LOGGING_CONFIG environment variable accordingly.
2026-05-10 16:20:50,437 - kedro.framework.session.session - INFO - Kedro project currency_movement_prediction_pipeline
2026-05-10 16:20:54,382 - kedro.validation.parameter_validator - INFO - No typed parameter requirements found, returning original parameters
2026-05-10 16:20:54,552 - py.warnings - WARNING - C:\kedro_projects\currency-movement-prediction-pipeline\.venv\Lib\site-packages\kedro\io\core.py:543: UserWarning: Since kedro-datasets 2.0, 'Dataset' is spelled with a lowercase 's'. Got 'pandas.CSVDataSet'.
  warnings.warn(

2026-05-10 16:20:54,610 - kedro_telemetry.plugin - INFO - Kedro is sending anonymous usage data with the sole purpose of improving the product. No personal data or IP addresses are stored on our side. To opt out, set the `KEDRO_DISABLE_TELEMETRY` or `DO_NOT_TRACK` environment variables, or create a `.telemetry` file in the current working directory with the contents `consent: false`. To hide this message, explicitly grant or deny consent. Read more at https://docs.kedro.org/en/stable/about/telemetry/
2026-05-10 16:29:22,865 - kedro.framework.project - INFO - Using 'conf\logging.yml' as logging configuration. You can change this by setting the KEDRO_LOGGING_CONFIG environment variable accordingly.
2026-05-10 16:29:24,332 - kedro.framework.session.session - INFO - Kedro project currency_movement_prediction_pipeline
2026-05-10 16:29:30,002 - kedro.validation.parameter_validator - INFO - No typed parameter requirements found, returning original parameters
2026-05-10 16:29:30,164 - py.warnings - WARNING - C:\kedro_projects\currency-movement-prediction-pipeline\.venv\Lib\site-packages\kedro\io\core.py:543: UserWarning: Since kedro-datasets 2.0, 'Dataset' is spelled with a lowercase 's'. Got 'pandas.CSVDataSet'.
  warnings.warn(

2026-05-10 16:29:30,232 - kedro_telemetry.plugin - INFO - Kedro is sending anonymous usage data with the sole purpose of improving the product. No personal data or IP addresses are stored on our side. To opt out, set the `KEDRO_DISABLE_TELEMETRY` or `DO_NOT_TRACK` environment variables, or create a `.telemetry` file in the current working directory with the contents `consent: false`. To hide this message, explicitly grant or deny consent. Read more at https://docs.kedro.org/en/stable/about/telemetry/
2026-05-10 16:29:45,975 - kedro.framework.project - INFO - Using 'conf\logging.yml' as logging configuration. You can change this by setting the KEDRO_LOGGING_CONFIG environment variable accordingly.
2026-05-10 16:29:47,484 - kedro_telemetry.plugin - INFO - Kedro is sending anonymous usage data with the sole purpose of improving the product. No personal data or IP addresses are stored on our side. To opt out, set the `KEDRO_DISABLE_TELEMETRY` or `DO_NOT_TRACK` environment variables, or create a `.telemetry` file in the current working directory with the contents `consent: false`. To hide this message, explicitly grant or deny consent. Read more at https://docs.kedro.org/en/stable/about/telemetry/
2026-05-10 16:34:31,632 - kedro.framework.project - INFO - Using 'conf\logging.yml' as logging configuration. You can change this by setting the KEDRO_LOGGING_CONFIG environment variable accordingly.
2026-05-10 16:34:33,205 - kedro.framework.session.session - INFO - Kedro project currency_movement_prediction_pipeline
2026-05-10 16:34:40,456 - kedro.validation.parameter_validator - INFO - No typed parameter requirements found, returning original parameters
2026-05-10 16:34:40,612 - py.warnings - WARNING - C:\kedro_projects\currency-movement-prediction-pipeline\.venv\Lib\site-packages\kedro\io\core.py:543: UserWarning: Since kedro-datasets 2.0, 'Dataset' is spelled with a lowercase 's'. Got 'pandas.CSVDataSet'.
  warnings.warn(

2026-05-10 16:34:42,140 - kedro_telemetry.plugin - INFO - Kedro is sending anonymous usage data with the sole purpose of improving the product. No personal data or IP addresses are stored on our side. To opt out, set the `KEDRO_DISABLE_TELEMETRY` or `DO_NOT_TRACK` environment variables, or create a `.telemetry` file in the current working directory with the contents `consent: false`. To hide this message, explicitly grant or deny consent. Read more at https://docs.kedro.org/en/stable/about/telemetry/
2026-05-10 17:03:56,511 - kedro.framework.project - INFO - Using 'conf\logging.yml' as logging configuration. You can change this by setting the KEDRO_LOGGING_CONFIG environment variable accordingly.
2026-05-10 17:03:59,894 - kedro.framework.session.session - INFO - Kedro project currency_movement_prediction_pipeline
2026-05-10 17:04:11,145 - kedro.validation.parameter_validator - INFO - No typed parameter requirements found, returning original parameters
2026-05-10 17:04:11,569 - py.warnings - WARNING - C:\kedro_projects\currency-movement-prediction-pipeline\.venv\Lib\site-packages\kedro\io\core.py:543: UserWarning: Since kedro-datasets 2.0, 'Dataset' is spelled with a lowercase 's'. Got 'pandas.CSVDataSet'.
  warnings.warn(

2026-05-10 17:04:13,842 - kedro_telemetry.plugin - INFO - Kedro is sending anonymous usage data with the sole purpose of improving the product. No personal data or IP addresses are stored on our side. To opt out, set the `KEDRO_DISABLE_TELEMETRY` or `DO_NOT_TRACK` environment variables, or create a `.telemetry` file in the current working directory with the contents `consent: false`. To hide this message, explicitly grant or deny consent. Read more at https://docs.kedro.org/en/stable/about/telemetry/
2026-05-10 17:18:25,154 - kedro.framework.project - INFO - Using 'conf\logging.yml' as logging configuration. You can change this by setting the KEDRO_LOGGING_CONFIG environment variable accordingly.
2026-05-10 17:18:26,957 - kedro.framework.session.session - INFO - Kedro project currency_movement_prediction_pipeline
2026-05-10 17:18:40,958 - kedro.validation.parameter_validator - INFO - No typed parameter requirements found, returning original parameters
2026-05-10 17:18:42,590 - kedro_telemetry.plugin - INFO - Kedro is sending anonymous usage data with the sole purpose of improving the product. No personal data or IP addresses are stored on our side. To opt out, set the `KEDRO_DISABLE_TELEMETRY` or `DO_NOT_TRACK` environment variables, or create a `.telemetry` file in the current working directory with the contents `consent: false`. To hide this message, explicitly grant or deny consent. Read more at https://docs.kedro.org/en/stable/about/telemetry/
2026-05-10 17:23:06,956 - kedro.framework.project - INFO - Using 'conf\logging.yml' as logging configuration. You can change this by setting the KEDRO_LOGGING_CONFIG environment variable accordingly.
2026-05-10 17:23:07,992 - kedro.framework.session.session - INFO - Kedro project currency_movement_prediction_pipeline
2026-05-10 17:23:11,284 - kedro_telemetry.plugin - INFO - Kedro is sending anonymous usage data with the sole purpose of improving the product. No personal data or IP addresses are stored on our side. To opt out, set the `KEDRO_DISABLE_TELEMETRY` or `DO_NOT_TRACK` environment variables, or create a `.telemetry` file in the current working directory with the contents `consent: false`. To hide this message, explicitly grant or deny consent. Read more at https://docs.kedro.org/en/stable/about/telemetry/
2026-05-10 17:35:09,314 - kedro.framework.project - INFO - Using 'conf\logging.yml' as logging configuration. You can change this by setting the KEDRO_LOGGING_CONFIG environment variable accordingly.
2026-05-10 17:35:10,426 - kedro.framework.session.session - INFO - Kedro project currency_movement_prediction_pipeline
2026-05-10 17:35:13,710 - kedro_telemetry.plugin - INFO - Kedro is sending anonymous usage data with the sole purpose of improving the product. No personal data or IP addresses are stored on our side. To opt out, set the `KEDRO_DISABLE_TELEMETRY` or `DO_NOT_TRACK` environment variables, or create a `.telemetry` file in the current working directory with the contents `consent: false`. To hide this message, explicitly grant or deny consent. Read more at https://docs.kedro.org/en/stable/about/telemetry/
2026-05-10 17:37:05,295 - kedro.framework.project - INFO - Using 'conf\logging.yml' as logging configuration. You can change this by setting the KEDRO_LOGGING_CONFIG environment variable accordingly.
2026-05-10 17:37:06,533 - kedro.framework.session.session - INFO - Kedro project currency_movement_prediction_pipeline
2026-05-10 17:37:10,632 - kedro.validation.parameter_validator - INFO - No typed parameter requirements found, returning original parameters
2026-05-10 17:37:11,886 - kedro_telemetry.plugin - INFO - Kedro is sending anonymous usage data with the sole purpose of improving the product. No personal data or IP addresses are stored on our side. To opt out, set the `KEDRO_DISABLE_TELEMETRY` or `DO_NOT_TRACK` environment variables, or create a `.telemetry` file in the current working directory with the contents `consent: false`. To hide this message, explicitly grant or deny consent. Read more at https://docs.kedro.org/en/stable/about/telemetry/
2026-05-10 17:37:12,843 - kedro.runner.sequential_runner - INFO - Using synchronous mode for loading and saving data. Use the --async flag for potential performance gains. https://docs.kedro.org/en/stable/build/run_a_pipeline/#load-and-save-asynchronously
2026-05-10 17:37:12,847 - kedro.io.data_catalog - INFO - Loading data from [dark_orange]train_data[/dark_orange] (CSVDataset)...
2026-05-10 17:37:13,013 - kedro.pipeline.node - INFO - Running node: load_training_data_node: load_data([train_data]) -> [input_data]
2026-05-10 17:37:13,020 - kedro.pipeline.node - ERROR - Node load_training_data_node: load_data([train_data]) -> [input_data] failed with error: 
'datetime'
2026-05-10 17:37:13,150 - kedro.runner.sequential_runner - WARNING - No nodes ran. Repeat the previous command to attempt a new run.
2026-05-10 17:49:59,021 - kedro.framework.project - INFO - Using 'conf\logging.yml' as logging configuration. You can change this by setting the KEDRO_LOGGING_CONFIG environment variable accordingly.
2026-05-10 17:50:00,084 - kedro.framework.session.session - INFO - Kedro project currency_movement_prediction_pipeline
2026-05-10 17:50:02,020 - kedro.validation.parameter_validator - INFO - No typed parameter requirements found, returning original parameters
2026-05-10 17:50:02,871 - kedro_telemetry.plugin - INFO - Kedro is sending anonymous usage data with the sole purpose of improving the product. No personal data or IP addresses are stored on our side. To opt out, set the `KEDRO_DISABLE_TELEMETRY` or `DO_NOT_TRACK` environment variables, or create a `.telemetry` file in the current working directory with the contents `consent: false`. To hide this message, explicitly grant or deny consent. Read more at https://docs.kedro.org/en/stable/about/telemetry/
2026-05-10 17:50:03,833 - kedro.runner.sequential_runner - INFO - Using synchronous mode for loading and saving data. Use the --async flag for potential performance gains. https://docs.kedro.org/en/stable/build/run_a_pipeline/#load-and-save-asynchronously
2026-05-10 17:50:03,841 - kedro.io.data_catalog - INFO - Loading data from [dark_orange]train_data[/dark_orange] (CSVDataset)...
2026-05-10 17:50:03,928 - kedro.pipeline.node - INFO - Running node: load_training_data_node: load_data([train_data]) -> [input_data]
2026-05-10 17:50:04,011 - kedro.io.data_catalog - INFO - Saving data to [dark_orange]input_data[/dark_orange] (MemoryDataset)...
2026-05-10 17:50:04,014 - kedro.runner.sequential_runner - INFO - Completed node: load_training_data_node
2026-05-10 17:50:04,016 - kedro.runner.sequential_runner - INFO - Completed 1 out of 7 tasks
2026-05-10 17:50:04,018 - kedro.io.data_catalog - INFO - Loading data from [dark_orange]input_data[/dark_orange] (MemoryDataset)...
2026-05-10 17:50:04,024 - kedro.pipeline.node - INFO - Running node: clean_data_node: clean_data([input_data]) -> [cleaned_data]
2026-05-10 17:50:04,031 - kedro.io.data_catalog - INFO - Saving data to [dark_orange]cleaned_data[/dark_orange] (MemoryDataset)...
2026-05-10 17:50:04,040 - kedro.runner.sequential_runner - INFO - Completed node: clean_data_node
2026-05-10 17:50:04,040 - kedro.runner.sequential_runner - INFO - Completed 2 out of 7 tasks
2026-05-10 17:50:04,046 - kedro.io.data_catalog - INFO - Loading data from [dark_orange]cleaned_data[/dark_orange] (MemoryDataset)...
2026-05-10 17:50:04,050 - kedro.pipeline.node - INFO - Running node: filter_data_node: filter_data([cleaned_data]) -> [filtered_data]
2026-05-10 17:50:04,066 - kedro.io.data_catalog - INFO - Saving data to [dark_orange]filtered_data[/dark_orange] (MemoryDataset)...
2026-05-10 17:50:04,074 - kedro.runner.sequential_runner - INFO - Completed node: filter_data_node
2026-05-10 17:50:04,074 - kedro.runner.sequential_runner - INFO - Completed 3 out of 7 tasks
2026-05-10 17:50:04,081 - kedro.io.data_catalog - INFO - Loading data from [dark_orange]filtered_data[/dark_orange] (MemoryDataset)...
2026-05-10 17:50:04,081 - kedro.pipeline.node - INFO - Running node: sort_data_node: <lambda>([filtered_data]) -> [sorted_data]
2026-05-10 17:50:04,091 - kedro.io.data_catalog - INFO - Saving data to [dark_orange]sorted_data[/dark_orange] (MemoryDataset)...
2026-05-10 17:50:04,101 - kedro.runner.sequential_runner - INFO - Completed node: sort_data_node
2026-05-10 17:50:04,101 - kedro.runner.sequential_runner - INFO - Completed 4 out of 7 tasks
2026-05-10 17:50:04,107 - kedro.io.data_catalog - INFO - Loading data from [dark_orange]sorted_data[/dark_orange] (MemoryDataset)...
2026-05-10 17:50:04,111 - kedro.io.data_catalog - INFO - Loading data from [dark_orange]params:feature_engineering.rename_columns[/dark_orange] (MemoryDataset)...
2026-05-10 17:50:04,111 - kedro.pipeline.node - INFO - Running node: rename_columns_node: rename_columns([sorted_data;params:feature_engineering.rename_columns]) -> [renamed_data]
2026-05-10 17:50:04,111 - kedro.io.data_catalog - INFO - Saving data to [dark_orange]renamed_data[/dark_orange] (MemoryDataset)...
2026-05-10 17:50:04,123 - kedro.runner.sequential_runner - INFO - Completed node: rename_columns_node
2026-05-10 17:50:04,123 - kedro.runner.sequential_runner - INFO - Completed 5 out of 7 tasks
2026-05-10 17:50:04,131 - kedro.io.data_catalog - INFO - Loading data from [dark_orange]renamed_data[/dark_orange] (MemoryDataset)...
2026-05-10 17:50:04,136 - kedro.pipeline.node - INFO - Running node: create_target_node: create_target([renamed_data]) -> [target_data]
2026-05-10 17:50:04,140 - kedro.pipeline.node - ERROR - Node create_target_node: create_target([renamed_data]) -> [target_data] failed with error: 
'Column not found: pct_change_1d'
2026-05-10 17:50:04,191 - kedro.runner.sequential_runner - WARNING - There are 2 nodes that have not run.
You can resume the pipeline run from the nearest nodes with persisted inputs by adding the following argument to your previous command:
  --from-nodes "load_training_data_node"
2026-05-10 17:52:12,721 - kedro.framework.project - INFO - Using 'conf\logging.yml' as logging configuration. You can change this by setting the KEDRO_LOGGING_CONFIG environment variable accordingly.
2026-05-10 17:52:13,875 - kedro.framework.session.session - INFO - Kedro project currency_movement_prediction_pipeline
2026-05-10 17:52:15,875 - kedro.validation.parameter_validator - INFO - No typed parameter requirements found, returning original parameters
2026-05-10 17:52:16,751 - kedro_telemetry.plugin - INFO - Kedro is sending anonymous usage data with the sole purpose of improving the product. No personal data or IP addresses are stored on our side. To opt out, set the `KEDRO_DISABLE_TELEMETRY` or `DO_NOT_TRACK` environment variables, or create a `.telemetry` file in the current working directory with the contents `consent: false`. To hide this message, explicitly grant or deny consent. Read more at https://docs.kedro.org/en/stable/about/telemetry/
2026-05-10 17:52:21,531 - kedro.runner.sequential_runner - INFO - Using synchronous mode for loading and saving data. Use the --async flag for potential performance gains. https://docs.kedro.org/en/stable/build/run_a_pipeline/#load-and-save-asynchronously
2026-05-10 17:52:21,534 - kedro.io.data_catalog - INFO - Loading data from [dark_orange]train_data[/dark_orange] (CSVDataset)...
2026-05-10 17:52:21,694 - kedro.pipeline.node - INFO - Running node: load_training_data_node: load_data([train_data]) -> [input_data]
2026-05-10 17:52:21,811 - kedro.io.data_catalog - INFO - Saving data to [dark_orange]input_data[/dark_orange] (MemoryDataset)...
2026-05-10 17:52:21,828 - kedro.runner.sequential_runner - INFO - Completed node: load_training_data_node
2026-05-10 17:52:21,836 - kedro.runner.sequential_runner - INFO - Completed 1 out of 7 tasks
2026-05-10 17:52:21,843 - kedro.io.data_catalog - INFO - Loading data from [dark_orange]input_data[/dark_orange] (MemoryDataset)...
2026-05-10 17:52:21,851 - kedro.pipeline.node - INFO - Running node: clean_data_node: clean_data([input_data]) -> [cleaned_data]
2026-05-10 17:52:21,866 - kedro.io.data_catalog - INFO - Saving data to [dark_orange]cleaned_data[/dark_orange] (MemoryDataset)...
2026-05-10 17:52:21,870 - kedro.runner.sequential_runner - INFO - Completed node: clean_data_node
2026-05-10 17:52:21,873 - kedro.runner.sequential_runner - INFO - Completed 2 out of 7 tasks
2026-05-10 17:52:21,878 - kedro.io.data_catalog - INFO - Loading data from [dark_orange]cleaned_data[/dark_orange] (MemoryDataset)...
2026-05-10 17:52:21,885 - kedro.pipeline.node - INFO - Running node: filter_data_node: filter_data([cleaned_data]) -> [filtered_data]
2026-05-10 17:52:21,908 - kedro.io.data_catalog - INFO - Saving data to [dark_orange]filtered_data[/dark_orange] (MemoryDataset)...
2026-05-10 17:52:21,915 - kedro.runner.sequential_runner - INFO - Completed node: filter_data_node
2026-05-10 17:52:21,917 - kedro.runner.sequential_runner - INFO - Completed 3 out of 7 tasks
2026-05-10 17:52:21,921 - kedro.io.data_catalog - INFO - Loading data from [dark_orange]filtered_data[/dark_orange] (MemoryDataset)...
2026-05-10 17:52:21,928 - kedro.pipeline.node - INFO - Running node: sort_data_node: <lambda>([filtered_data]) -> [sorted_data]
2026-05-10 17:52:21,945 - kedro.io.data_catalog - INFO - Saving data to [dark_orange]sorted_data[/dark_orange] (MemoryDataset)...
2026-05-10 17:52:21,950 - kedro.runner.sequential_runner - INFO - Completed node: sort_data_node
2026-05-10 17:52:21,951 - kedro.runner.sequential_runner - INFO - Completed 4 out of 7 tasks
2026-05-10 17:52:21,954 - kedro.io.data_catalog - INFO - Loading data from [dark_orange]sorted_data[/dark_orange] (MemoryDataset)...
2026-05-10 17:52:21,959 - kedro.io.data_catalog - INFO - Loading data from [dark_orange]params:feature_engineering.rename_columns[/dark_orange] (MemoryDataset)...
2026-05-10 17:52:21,964 - kedro.pipeline.node - INFO - Running node: rename_columns_node: rename_columns([sorted_data;params:feature_engineering.rename_columns]) -> [renamed_data]
2026-05-10 17:52:21,968 - kedro.io.data_catalog - INFO - Saving data to [dark_orange]renamed_data[/dark_orange] (MemoryDataset)...
2026-05-10 17:52:21,971 - kedro.runner.sequential_runner - INFO - Completed node: rename_columns_node
2026-05-10 17:52:21,976 - kedro.runner.sequential_runner - INFO - Completed 5 out of 7 tasks
2026-05-10 17:52:21,981 - kedro.io.data_catalog - INFO - Loading data from [dark_orange]renamed_data[/dark_orange] (MemoryDataset)...
2026-05-10 17:52:21,985 - kedro.pipeline.node - INFO - Running node: create_target_node: create_target([renamed_data]) -> [target_data]
2026-05-10 17:52:21,992 - kedro.pipeline.node - ERROR - Node create_target_node: create_target([renamed_data]) -> [target_data] failed with error: 
'Column not found: pct_change_1d'
2026-05-10 17:52:22,013 - kedro.runner.sequential_runner - WARNING - There are 2 nodes that have not run.
You can resume the pipeline run from the nearest nodes with persisted inputs by adding the following argument to your previous command:
  --from-nodes "load_training_data_node"
2026-05-10 18:00:04,477 - kedro.framework.project - INFO - Using 'conf\logging.yml' as logging configuration. You can change this by setting the KEDRO_LOGGING_CONFIG environment variable accordingly.
2026-05-10 18:00:05,635 - kedro.framework.session.session - INFO - Kedro project currency_movement_prediction_pipeline
2026-05-10 18:00:07,570 - kedro.validation.parameter_validator - INFO - No typed parameter requirements found, returning original parameters
2026-05-10 18:00:08,395 - kedro_telemetry.plugin - INFO - Kedro is sending anonymous usage data with the sole purpose of improving the product. No personal data or IP addresses are stored on our side. To opt out, set the `KEDRO_DISABLE_TELEMETRY` or `DO_NOT_TRACK` environment variables, or create a `.telemetry` file in the current working directory with the contents `consent: false`. To hide this message, explicitly grant or deny consent. Read more at https://docs.kedro.org/en/stable/about/telemetry/
2026-05-10 18:00:09,351 - kedro.runner.sequential_runner - INFO - Using synchronous mode for loading and saving data. Use the --async flag for potential performance gains. https://docs.kedro.org/en/stable/build/run_a_pipeline/#load-and-save-asynchronously
2026-05-10 18:00:09,367 - kedro.io.data_catalog - INFO - Loading data from [dark_orange]train_data[/dark_orange] (CSVDataset)...
2026-05-10 18:00:09,476 - kedro.pipeline.node - INFO - Running node: load_training_data_node: load_data([train_data]) -> [input_data]
2026-05-10 18:00:09,501 - kedro.io.data_catalog - INFO - Saving data to [dark_orange]input_data[/dark_orange] (MemoryDataset)...
2026-05-10 18:00:09,501 - kedro.runner.sequential_runner - INFO - Completed node: load_training_data_node
2026-05-10 18:00:09,501 - kedro.runner.sequential_runner - INFO - Completed 1 out of 7 tasks
2026-05-10 18:00:09,517 - kedro.io.data_catalog - INFO - Loading data from [dark_orange]input_data[/dark_orange] (MemoryDataset)...
2026-05-10 18:00:09,522 - kedro.pipeline.node - INFO - Running node: clean_data_node: clean_data([input_data]) -> [cleaned_data]
2026-05-10 18:00:09,522 - kedro.io.data_catalog - INFO - Saving data to [dark_orange]cleaned_data[/dark_orange] (MemoryDataset)...
2026-05-10 18:00:09,539 - kedro.runner.sequential_runner - INFO - Completed node: clean_data_node
2026-05-10 18:00:09,539 - kedro.runner.sequential_runner - INFO - Completed 2 out of 7 tasks
2026-05-10 18:00:09,539 - kedro.io.data_catalog - INFO - Loading data from [dark_orange]cleaned_data[/dark_orange] (MemoryDataset)...
2026-05-10 18:00:09,560 - kedro.pipeline.node - INFO - Running node: filter_data_node: filter_data([cleaned_data]) -> [filtered_data]
2026-05-10 18:00:09,576 - kedro.io.data_catalog - INFO - Saving data to [dark_orange]filtered_data[/dark_orange] (MemoryDataset)...
2026-05-10 18:00:09,581 - kedro.runner.sequential_runner - INFO - Completed node: filter_data_node
2026-05-10 18:00:09,583 - kedro.runner.sequential_runner - INFO - Completed 3 out of 7 tasks
2026-05-10 18:00:09,587 - kedro.io.data_catalog - INFO - Loading data from [dark_orange]filtered_data[/dark_orange] (MemoryDataset)...
2026-05-10 18:00:09,591 - kedro.pipeline.node - INFO - Running node: sort_data_node: <lambda>([filtered_data]) -> [sorted_data]
2026-05-10 18:00:09,606 - kedro.io.data_catalog - INFO - Saving data to [dark_orange]sorted_data[/dark_orange] (MemoryDataset)...
2026-05-10 18:00:09,608 - kedro.runner.sequential_runner - INFO - Completed node: sort_data_node
2026-05-10 18:00:09,608 - kedro.runner.sequential_runner - INFO - Completed 4 out of 7 tasks
2026-05-10 18:00:09,621 - kedro.io.data_catalog - INFO - Loading data from [dark_orange]sorted_data[/dark_orange] (MemoryDataset)...
2026-05-10 18:00:09,622 - kedro.io.data_catalog - INFO - Loading data from [dark_orange]params:feature_engineering.rename_columns[/dark_orange] (MemoryDataset)...
2026-05-10 18:00:09,622 - kedro.pipeline.node - INFO - Running node: rename_columns_node: rename_columns([sorted_data;params:feature_engineering.rename_columns]) -> [renamed_data]
2026-05-10 18:00:09,638 - kedro.io.data_catalog - INFO - Saving data to [dark_orange]renamed_data[/dark_orange] (MemoryDataset)...
2026-05-10 18:00:09,638 - kedro.runner.sequential_runner - INFO - Completed node: rename_columns_node
2026-05-10 18:00:09,638 - kedro.runner.sequential_runner - INFO - Completed 5 out of 7 tasks
2026-05-10 18:00:09,651 - kedro.io.data_catalog - INFO - Loading data from [dark_orange]renamed_data[/dark_orange] (MemoryDataset)...
2026-05-10 18:00:09,656 - kedro.pipeline.node - INFO - Running node: create_target_node: create_target([renamed_data]) -> [target_data]
2026-05-10 18:00:09,657 - kedro.pipeline.node - ERROR - Node create_target_node: create_target([renamed_data]) -> [target_data] failed with error: 
'Column not found: pct_change_1d'
2026-05-10 18:00:09,672 - kedro.runner.sequential_runner - WARNING - There are 2 nodes that have not run.
You can resume the pipeline run from the nearest nodes with persisted inputs by adding the following argument to your previous command:
  --from-nodes "load_training_data_node"
2026-05-10 18:01:21,932 - kedro.framework.project - INFO - Using 'conf\logging.yml' as logging configuration. You can change this by setting the KEDRO_LOGGING_CONFIG environment variable accordingly.
2026-05-10 18:01:22,966 - kedro.framework.session.session - INFO - Kedro project currency_movement_prediction_pipeline
2026-05-10 18:01:23,081 - kedro_telemetry.plugin - INFO - Kedro is sending anonymous usage data with the sole purpose of improving the product. No personal data or IP addresses are stored on our side. To opt out, set the `KEDRO_DISABLE_TELEMETRY` or `DO_NOT_TRACK` environment variables, or create a `.telemetry` file in the current working directory with the contents `consent: false`. To hide this message, explicitly grant or deny consent. Read more at https://docs.kedro.org/en/stable/about/telemetry/
2026-05-10 18:04:05,760 - kedro.framework.project - INFO - Using 'conf\logging.yml' as logging configuration. You can change this by setting the KEDRO_LOGGING_CONFIG environment variable accordingly.
2026-05-10 18:04:06,912 - kedro.framework.session.session - INFO - Kedro project currency_movement_prediction_pipeline
2026-05-10 18:04:07,028 - kedro_telemetry.plugin - INFO - Kedro is sending anonymous usage data with the sole purpose of improving the product. No personal data or IP addresses are stored on our side. To opt out, set the `KEDRO_DISABLE_TELEMETRY` or `DO_NOT_TRACK` environment variables, or create a `.telemetry` file in the current working directory with the contents `consent: false`. To hide this message, explicitly grant or deny consent. Read more at https://docs.kedro.org/en/stable/about/telemetry/
2026-05-10 19:51:40,923 - kedro.framework.project - INFO - Using 'conf\logging.yml' as logging configuration. You can change this by setting the KEDRO_LOGGING_CONFIG environment variable accordingly.
2026-05-10 19:51:41,995 - kedro.framework.session.session - INFO - Kedro project currency_movement_prediction_pipeline
2026-05-10 19:51:42,102 - kedro_telemetry.plugin - INFO - Kedro is sending anonymous usage data with the sole purpose of improving the product. No personal data or IP addresses are stored on our side. To opt out, set the `KEDRO_DISABLE_TELEMETRY` or `DO_NOT_TRACK` environment variables, or create a `.telemetry` file in the current working directory with the contents `consent: false`. To hide this message, explicitly grant or deny consent. Read more at https://docs.kedro.org/en/stable/about/telemetry/
2026-05-10 19:52:52,684 - kedro.framework.project - INFO - Using 'conf\logging.yml' as logging configuration. You can change this by setting the KEDRO_LOGGING_CONFIG environment variable accordingly.
2026-05-10 19:52:53,735 - kedro.framework.session.session - INFO - Kedro project currency_movement_prediction_pipeline
2026-05-10 19:52:53,846 - kedro_telemetry.plugin - INFO - Kedro is sending anonymous usage data with the sole purpose of improving the product. No personal data or IP addresses are stored on our side. To opt out, set the `KEDRO_DISABLE_TELEMETRY` or `DO_NOT_TRACK` environment variables, or create a `.telemetry` file in the current working directory with the contents `consent: false`. To hide this message, explicitly grant or deny consent. Read more at https://docs.kedro.org/en/stable/about/telemetry/
2026-05-10 19:54:07,999 - kedro.framework.project - INFO - Using 'conf\logging.yml' as logging configuration. You can change this by setting the KEDRO_LOGGING_CONFIG environment variable accordingly.
2026-05-10 19:54:09,019 - kedro.framework.session.session - INFO - Kedro project currency_movement_prediction_pipeline
2026-05-10 19:54:09,119 - kedro_telemetry.plugin - INFO - Kedro is sending anonymous usage data with the sole purpose of improving the product. No personal data or IP addresses are stored on our side. To opt out, set the `KEDRO_DISABLE_TELEMETRY` or `DO_NOT_TRACK` environment variables, or create a `.telemetry` file in the current working directory with the contents `consent: false`. To hide this message, explicitly grant or deny consent. Read more at https://docs.kedro.org/en/stable/about/telemetry/
2026-05-10 19:58:01,733 - kedro.framework.project - INFO - Using 'conf\logging.yml' as logging configuration. You can change this by setting the KEDRO_LOGGING_CONFIG environment variable accordingly.
2026-05-10 19:58:03,004 - kedro.framework.session.session - INFO - Kedro project currency_movement_prediction_pipeline
2026-05-10 19:58:03,129 - kedro_telemetry.plugin - INFO - Kedro is sending anonymous usage data with the sole purpose of improving the product. No personal data or IP addresses are stored on our side. To opt out, set the `KEDRO_DISABLE_TELEMETRY` or `DO_NOT_TRACK` environment variables, or create a `.telemetry` file in the current working directory with the contents `consent: false`. To hide this message, explicitly grant or deny consent. Read more at https://docs.kedro.org/en/stable/about/telemetry/
2026-05-10 19:59:54,489 - kedro.framework.project - INFO - Using 'conf\logging.yml' as logging configuration. You can change this by setting the KEDRO_LOGGING_CONFIG environment variable accordingly.
2026-05-10 19:59:55,559 - kedro.framework.session.session - INFO - Kedro project currency_movement_prediction_pipeline
2026-05-10 19:59:55,659 - kedro_telemetry.plugin - INFO - Kedro is sending anonymous usage data with the sole purpose of improving the product. No personal data or IP addresses are stored on our side. To opt out, set the `KEDRO_DISABLE_TELEMETRY` or `DO_NOT_TRACK` environment variables, or create a `.telemetry` file in the current working directory with the contents `consent: false`. To hide this message, explicitly grant or deny consent. Read more at https://docs.kedro.org/en/stable/about/telemetry/
2026-05-10 20:01:51,231 - kedro.framework.project - INFO - Using 'conf\logging.yml' as logging configuration. You can change this by setting the KEDRO_LOGGING_CONFIG environment variable accordingly.
2026-05-10 20:01:52,293 - kedro.framework.session.session - INFO - Kedro project currency_movement_prediction_pipeline
2026-05-10 20:01:52,377 - kedro_telemetry.plugin - INFO - Kedro is sending anonymous usage data with the sole purpose of improving the product. No personal data or IP addresses are stored on our side. To opt out, set the `KEDRO_DISABLE_TELEMETRY` or `DO_NOT_TRACK` environment variables, or create a `.telemetry` file in the current working directory with the contents `consent: false`. To hide this message, explicitly grant or deny consent. Read more at https://docs.kedro.org/en/stable/about/telemetry/
2026-05-10 20:04:53,987 - kedro.framework.project - INFO - Using 'conf\logging.yml' as logging configuration. You can change this by setting the KEDRO_LOGGING_CONFIG environment variable accordingly.
2026-05-10 20:04:55,037 - kedro.framework.session.session - INFO - Kedro project currency_movement_prediction_pipeline
2026-05-10 20:04:55,116 - kedro_telemetry.plugin - INFO - Kedro is sending anonymous usage data with the sole purpose of improving the product. No personal data or IP addresses are stored on our side. To opt out, set the `KEDRO_DISABLE_TELEMETRY` or `DO_NOT_TRACK` environment variables, or create a `.telemetry` file in the current working directory with the contents `consent: false`. To hide this message, explicitly grant or deny consent. Read more at https://docs.kedro.org/en/stable/about/telemetry/
2026-05-10 20:07:51,013 - kedro.framework.project - INFO - Using 'conf\logging.yml' as logging configuration. You can change this by setting the KEDRO_LOGGING_CONFIG environment variable accordingly.
2026-05-10 20:07:52,063 - kedro.framework.session.session - INFO - Kedro project currency_movement_prediction_pipeline
2026-05-10 20:07:53,851 - kedro_telemetry.plugin - INFO - Kedro is sending anonymous usage data with the sole purpose of improving the product. No personal data or IP addresses are stored on our side. To opt out, set the `KEDRO_DISABLE_TELEMETRY` or `DO_NOT_TRACK` environment variables, or create a `.telemetry` file in the current working directory with the contents `consent: false`. To hide this message, explicitly grant or deny consent. Read more at https://docs.kedro.org/en/stable/about/telemetry/
2026-05-10 20:09:48,210 - kedro.framework.project - INFO - Using 'conf\logging.yml' as logging configuration. You can change this by setting the KEDRO_LOGGING_CONFIG environment variable accordingly.
2026-05-10 20:09:49,424 - kedro.framework.session.session - INFO - Kedro project currency_movement_prediction_pipeline
2026-05-10 20:09:53,302 - kedro_telemetry.plugin - INFO - Kedro is sending anonymous usage data with the sole purpose of improving the product. No personal data or IP addresses are stored on our side. To opt out, set the `KEDRO_DISABLE_TELEMETRY` or `DO_NOT_TRACK` environment variables, or create a `.telemetry` file in the current working directory with the contents `consent: false`. To hide this message, explicitly grant or deny consent. Read more at https://docs.kedro.org/en/stable/about/telemetry/
2026-05-10 20:13:18,472 - kedro.framework.project - INFO - Using 'conf\logging.yml' as logging configuration. You can change this by setting the KEDRO_LOGGING_CONFIG environment variable accordingly.
2026-05-10 20:13:19,490 - kedro.framework.session.session - INFO - Kedro project currency_movement_prediction_pipeline
2026-05-10 20:13:22,641 - kedro_telemetry.plugin - INFO - Kedro is sending anonymous usage data with the sole purpose of improving the product. No personal data or IP addresses are stored on our side. To opt out, set the `KEDRO_DISABLE_TELEMETRY` or `DO_NOT_TRACK` environment variables, or create a `.telemetry` file in the current working directory with the contents `consent: false`. To hide this message, explicitly grant or deny consent. Read more at https://docs.kedro.org/en/stable/about/telemetry/
2026-05-10 20:17:55,600 - kedro.framework.project - INFO - Using 'conf\logging.yml' as logging configuration. You can change this by setting the KEDRO_LOGGING_CONFIG environment variable accordingly.
2026-05-10 20:17:56,636 - kedro.framework.session.session - INFO - Kedro project currency_movement_prediction_pipeline
2026-05-10 20:17:58,313 - kedro_telemetry.plugin - INFO - Kedro is sending anonymous usage data with the sole purpose of improving the product. No personal data or IP addresses are stored on our side. To opt out, set the `KEDRO_DISABLE_TELEMETRY` or `DO_NOT_TRACK` environment variables, or create a `.telemetry` file in the current working directory with the contents `consent: false`. To hide this message, explicitly grant or deny consent. Read more at https://docs.kedro.org/en/stable/about/telemetry/
2026-05-10 20:18:37,773 - kedro.framework.project - INFO - Using 'conf\logging.yml' as logging configuration. You can change this by setting the KEDRO_LOGGING_CONFIG environment variable accordingly.
2026-05-10 20:18:38,821 - kedro.framework.session.session - INFO - Kedro project currency_movement_prediction_pipeline
2026-05-10 20:18:40,544 - kedro_telemetry.plugin - INFO - Kedro is sending anonymous usage data with the sole purpose of improving the product. No personal data or IP addresses are stored on our side. To opt out, set the `KEDRO_DISABLE_TELEMETRY` or `DO_NOT_TRACK` environment variables, or create a `.telemetry` file in the current working directory with the contents `consent: false`. To hide this message, explicitly grant or deny consent. Read more at https://docs.kedro.org/en/stable/about/telemetry/
2026-05-10 20:20:01,924 - kedro.framework.project - INFO - Using 'conf\logging.yml' as logging configuration. You can change this by setting the KEDRO_LOGGING_CONFIG environment variable accordingly.
2026-05-10 20:20:02,960 - kedro.framework.session.session - INFO - Kedro project currency_movement_prediction_pipeline
2026-05-10 20:20:05,923 - kedro_telemetry.plugin - INFO - Kedro is sending anonymous usage data with the sole purpose of improving the product. No personal data or IP addresses are stored on our side. To opt out, set the `KEDRO_DISABLE_TELEMETRY` or `DO_NOT_TRACK` environment variables, or create a `.telemetry` file in the current working directory with the contents `consent: false`. To hide this message, explicitly grant or deny consent. Read more at https://docs.kedro.org/en/stable/about/telemetry/
2026-05-10 20:22:28,574 - kedro.framework.project - INFO - Using 'conf\logging.yml' as logging configuration. You can change this by setting the KEDRO_LOGGING_CONFIG environment variable accordingly.
2026-05-10 20:22:29,610 - kedro.framework.session.session - INFO - Kedro project currency_movement_prediction_pipeline
2026-05-10 20:22:32,588 - kedro_telemetry.plugin - INFO - Kedro is sending anonymous usage data with the sole purpose of improving the product. No personal data or IP addresses are stored on our side. To opt out, set the `KEDRO_DISABLE_TELEMETRY` or `DO_NOT_TRACK` environment variables, or create a `.telemetry` file in the current working directory with the contents `consent: false`. To hide this message, explicitly grant or deny consent. Read more at https://docs.kedro.org/en/stable/about/telemetry/
2026-05-10 20:23:14,773 - kedro.framework.project - INFO - Using 'conf\logging.yml' as logging configuration. You can change this by setting the KEDRO_LOGGING_CONFIG environment variable accordingly.
2026-05-10 20:23:15,948 - kedro.framework.session.session - INFO - Kedro project currency_movement_prediction_pipeline
2026-05-10 20:23:19,022 - kedro_telemetry.plugin - INFO - Kedro is sending anonymous usage data with the sole purpose of improving the product. No personal data or IP addresses are stored on our side. To opt out, set the `KEDRO_DISABLE_TELEMETRY` or `DO_NOT_TRACK` environment variables, or create a `.telemetry` file in the current working directory with the contents `consent: false`. To hide this message, explicitly grant or deny consent. Read more at https://docs.kedro.org/en/stable/about/telemetry/
2026-05-10 20:24:01,293 - kedro.framework.project - INFO - Using 'conf\logging.yml' as logging configuration. You can change this by setting the KEDRO_LOGGING_CONFIG environment variable accordingly.
2026-05-10 20:24:02,327 - kedro.framework.session.session - INFO - Kedro project currency_movement_prediction_pipeline
2026-05-10 20:24:05,306 - kedro_telemetry.plugin - INFO - Kedro is sending anonymous usage data with the sole purpose of improving the product. No personal data or IP addresses are stored on our side. To opt out, set the `KEDRO_DISABLE_TELEMETRY` or `DO_NOT_TRACK` environment variables, or create a `.telemetry` file in the current working directory with the contents `consent: false`. To hide this message, explicitly grant or deny consent. Read more at https://docs.kedro.org/en/stable/about/telemetry/
2026-05-11 18:46:39,569 - kedro.framework.project - INFO - Using 'conf\logging.yml' as logging configuration. You can change this by setting the KEDRO_LOGGING_CONFIG environment variable accordingly.
2026-05-11 18:46:41,753 - kedro.framework.session.session - INFO - Kedro project currency_movement_prediction_pipeline
2026-05-11 18:46:55,437 - kedro_telemetry.plugin - INFO - Kedro is sending anonymous usage data with the sole purpose of improving the product. No personal data or IP addresses are stored on our side. To opt out, set the `KEDRO_DISABLE_TELEMETRY` or `DO_NOT_TRACK` environment variables, or create a `.telemetry` file in the current working directory with the contents `consent: false`. To hide this message, explicitly grant or deny consent. Read more at https://docs.kedro.org/en/stable/about/telemetry/
